<?xml version="1.0" encoding="UTF-8"?>
<!-- Generated by org.testng.reporters.JUnitReportReporter -->
<testsuite name="learn.apitest.Test_Post" tests="2" time="4.744" ignored="2" failures="0" timestamp="27 Mar 2020 08:07:56 GMT" skipped="0" hostname="RAJEEV" errors="0">
  <testcase name="deleteTest" time="3.592" classname="learn.apitest.Test_Post"/>
  <testcase name="putTest" time="1.152" classname="learn.apitest.Test_Post"/>
  <testcase name="postTest" classname="learn.apitest.Test_Post">
    <skipped/>
  </testcase> <!-- postTest -->
  <testcase name="patchTest" classname="learn.apitest.Test_Post">
    <skipped/>
  </testcase> <!-- patchTest -->
</testsuite> <!-- learn.apitest.Test_Post -->
