<?xml version="1.0" encoding="UTF-8"?>
<!-- Generated by org.testng.reporters.JUnitReportReporter -->
<testsuite name="learn.apitest.GetTest" tests="2" time="5.428" ignored="0" failures="0" timestamp="21 Mar 2020 07:16:53 GMT" skipped="0" hostname="RAJEEV" errors="0">
  <testcase name="GetListUser" time="4.433" classname="learn.apitest.GetTest"/>
  <testcase name="DeleteUserRequest" time="0.995" classname="learn.apitest.GetTest"/>
</testsuite> <!-- learn.apitest.GetTest -->
