<?xml version="1.0" encoding="UTF-8"?>
<!-- Generated by org.testng.reporters.JUnitReportReporter -->
<testsuite name="learn.apitest.Test_Get" tests="1" time="3.655" ignored="0" failures="0" timestamp="27 Mar 2020 05:12:14 GMT" skipped="0" hostname="RAJEEV" errors="0">
  <testcase name="test_01" time="3.655" classname="learn.apitest.Test_Get"/>
</testsuite> <!-- learn.apitest.Test_Get -->
